tsc: Compressing: /data/genome/bacteria/DH10B/tmp/MiSeq_Ecoli_DH10B_110721_PF.sam
tsc: Wrote 2049681141 bytes ~= 1.91 GiB (13175679 line(s) in 659 block(s))
tsc: Took 1056081405 us ~= 1056.0814 s
tsc: 
	Compression Statistics:
	-----------------------
	Number of blocks        :          659
	Number of lines         :     13175679
	Bytes written           :   2049681141 (100.00%)
	  File format           :        31684 (  0.00%)
	  SAM header            :          197 (  0.00%)
	  Aux (everything else) :    819975129 ( 40.01%)
	  Nuc (pos+cigar+seq)   :    200821393 (  9.80%)
	  Qual                  :   1028852738 ( 50.20%)
	Compression ratios                read /      written
	  Nuc (pos+cigar+seq)   :   1976351850 /    200821393 ( 10.16%)
	  Qual                  :   1976351850 /   1028852738 ( 52.06%)

tsc: 
	Timing Statistics:
	------------------
	Total time elapsed :   1056081405 us (100.00%)
	Predictive Coding  :    976340483 us ( 92.45%)
	Entropy Coding     :     54922435 us (  5.20%)
	Remaining          :     24818487 us (  2.35%)

tsc: Finished: /data/genome/bacteria/DH10B/tmp/MiSeq_Ecoli_DH10B_110721_PF.sam.tsc
