tsc: Compressing: /data/genome/human/illumina/ERR317482WGS/tmp/9827_2#49.sam
tsc: Wrote 9769943603 bytes ~= 9.10 GiB (56463236 line(s) in 2824 block(s))
tsc: Took 741570270 us ~= 741.5703 s
tsc: 
	Compression Statistics:
	-----------------------
	Number of blocks        :         2824
	Number of lines         :     56463236
	Bytes written           :   9769943603 (100.00%)
	  File format           :       135604 (  0.00%)
	  SAM header            :        29279 (  0.00%)
	  Aux (everything else) :   4927623278 ( 50.44%)
	  Nuc (pos+cigar+seq)   :   2023896048 ( 20.72%)
	  Qual                  :   2818259394 ( 28.85%)
	Compression ratios                read /      written
	  Nuc (pos+cigar+seq)   :   5646323600 /   2023896048 ( 35.84%)
	  Qual                  :   5646323600 /   2818259394 ( 49.91%)

tsc: 
	Timing Statistics:
	------------------
	Total time elapsed :    741570270 us (100.00%)
	Predictive Coding  :    371774640 us ( 50.13%)
	Entropy Coding     :    253233893 us ( 34.15%)
	Remaining          :    116561737 us ( 15.72%)

tsc: Finished: /data/genome/human/illumina/ERR317482WGS/tmp/9827_2#49.sam.tsc
